# JRE version: Java(TM) SE Runtime Environment (8.0_101-b13) (build 1.8.0_101-b13)
# Java VM: Java HotSpot(TM) 64-Bit Server VM (25.101-b13 mixed mode windows-amd64 compressed oops)
Heap:
 PSYoungGen      total 210432K, used 140999K [0x00000000eee00000, 0x0000000100000000, 0x0000000100000000)
  eden space 183296K, 62% used [0x00000000eee00000,0x00000000f5d39360,0x00000000fa100000)
  from space 27136K, 99% used [0x00000000fa100000,0x00000000fbb78b10,0x00000000fbb80000)
  to   space 33280K, 0% used [0x00000000fdf80000,0x00000000fdf80000,0x0000000100000000)
 ParOldGen       total 78336K, used 42160K [0x00000000cca00000, 0x00000000d1680000, 0x00000000eee00000)
  object space 78336K, 53% used [0x00000000cca00000,0x00000000cf32c048,0x00000000d1680000)
 Metaspace       used 35562K, capacity 36258K, committed 36784K, reserved 1081344K
  class space    used 4197K, capacity 4401K, committed 4528K, reserved 1048576K
GC Heap History (10 events):
Event: 10.042 GC heap before
{Heap before GC invocations=11 (full 1):
 PSYoungGen      total 113152K, used 103936K [0x00000000eee00000, 0x00000000fa780000, 0x0000000100000000)
  eden space 103936K, 100% used [0x00000000eee00000,0x00000000f5380000,0x00000000f5380000)
  from space 9216K, 0% used [0x00000000f5380000,0x00000000f5380000,0x00000000f5c80000)
  to   space 11776K, 0% used [0x00000000f9c00000,0x00000000f9c00000,0x00000000fa780000)
 ParOldGen       total 38400K, used 15232K [0x00000000cca00000, 0x00000000cef80000, 0x00000000eee00000)
  object space 38400K, 39% used [0x00000000cca00000,0x00000000cd8e0248,0x00000000cef80000)
 Metaspace       used 23845K, capacity 24392K, committed 24496K, reserved 1071104K
  class space    used 2763K, capacity 2933K, committed 2992K, reserved 1048576K
Event: 10.085 GC heap after
Heap after GC invocations=11 (full 1):
 PSYoungGen      total 151040K, used 11754K [0x00000000eee00000, 0x00000000fa780000, 0x0000000100000000)
  eden space 139264K, 0% used [0x00000000eee00000,0x00000000eee00000,0x00000000f7600000)
  from space 11776K, 99% used [0x00000000f9c00000,0x00000000fa77a938,0x00000000fa780000)
  to   space 14848K, 0% used [0x00000000f8a80000,0x00000000f8a80000,0x00000000f9900000)
 ParOldGen       total 38400K, used 19522K [0x00000000cca00000, 0x00000000cef80000, 0x00000000eee00000)
  object space 38400K, 50% used [0x00000000cca00000,0x00000000cdd10a50,0x00000000cef80000)
 Metaspace       used 23845K, capacity 24392K, committed 24496K, reserved 1071104K
  class space    used 2763K, capacity 2933K, committed 2992K, reserved 1048576K
}
Event: 11.330 GC heap before
{Heap before GC invocations=12 (full 1):
 PSYoungGen      total 151040K, used 151018K [0x00000000eee00000, 0x00000000fa780000, 0x0000000100000000)
  eden space 139264K, 100% used [0x00000000eee00000,0x00000000f7600000,0x00000000f7600000)
  from space 11776K, 99% used [0x00000000f9c00000,0x00000000fa77a938,0x00000000fa780000)
  to   space 14848K, 0% used [0x00000000f8a80000,0x00000000f8a80000,0x00000000f9900000)
 ParOldGen       total 38400K, used 19522K [0x00000000cca00000, 0x00000000cef80000, 0x00000000eee00000)
  object space 38400K, 50% used [0x00000000cca00000,0x00000000cdd10a50,0x00000000cef80000)
 Metaspace       used 23873K, capacity 24466K, committed 24752K, reserved 1071104K
  class space    used 2766K, capacity 2935K, committed 2992K, reserved 1048576K
Event: 11.369 GC heap after
Heap after GC invocations=12 (full 1):
 PSYoungGen      total 175104K, used 14827K [0x00000000eee00000, 0x00000000fd000000, 0x0000000100000000)
  eden space 160256K, 0% used [0x00000000eee00000,0x00000000eee00000,0x00000000f8a80000)
  from space 14848K, 99% used [0x00000000f8a80000,0x00000000f98faf28,0x00000000f9900000)
  to   space 20992K, 0% used [0x00000000fbb80000,0x00000000fbb80000,0x00000000fd000000)
 ParOldGen       total 38400K, used 29520K [0x00000000cca00000, 0x00000000cef80000, 0x00000000eee00000)
  object space 38400K, 76% used [0x00000000cca00000,0x00000000ce6d4208,0x00000000cef80000)
 Metaspace       used 23873K, capacity 24466K, committed 24752K, reserved 1071104K
  class space    used 2766K, capacity 2935K, committed 2992K, reserved 1048576K
}
Event: 12.516 GC heap before
{Heap before GC invocations=13 (full 1):
 PSYoungGen      total 175104K, used 175083K [0x00000000eee00000, 0x00000000fd000000, 0x0000000100000000)
  eden space 160256K, 100% used [0x00000000eee00000,0x00000000f8a80000,0x00000000f8a80000)
  from space 14848K, 99% used [0x00000000f8a80000,0x00000000f98faf28,0x00000000f9900000)
  to   space 20992K, 0% used [0x00000000fbb80000,0x00000000fbb80000,0x00000000fd000000)
 ParOldGen       total 38400K, used 29520K [0x00000000cca00000, 0x00000000cef80000, 0x00000000eee00000)
  object space 38400K, 76% used [0x00000000cca00000,0x00000000ce6d4208,0x00000000cef80000)
 Metaspace       used 23885K, capacity 24466K, committed 24752K, reserved 1071104K
  class space    used 2767K, capacity 2935K, committed 2992K, reserved 1048576K
Event: 12.587 GC heap after
Heap after GC invocations=13 (full 1):
 PSYoungGen      total 204288K, used 20986K [0x00000000eee00000, 0x00000000fff80000, 0x0000000100000000)
  eden space 183296K, 0% used [0x00000000eee00000,0x00000000eee00000,0x00000000fa100000)
  from space 20992K, 99% used [0x00000000fbb80000,0x00000000fcffe8a0,0x00000000fd000000)
  to   space 27136K, 0% used [0x00000000fa100000,0x00000000fa100000,0x00000000fbb80000)
 ParOldGen       total 38400K, used 38044K [0x00000000cca00000, 0x00000000cef80000, 0x00000000eee00000)
  object space 38400K, 99% used [0x00000000cca00000,0x00000000cef27390,0x00000000cef80000)
 Metaspace       used 23885K, capacity 24466K, committed 24752K, reserved 1071104K
  class space    used 2767K, capacity 2935K, committed 2992K, reserved 1048576K
}
Event: 12.587 GC heap before
{Heap before GC invocations=14 (full 2):
 PSYoungGen      total 204288K, used 20986K [0x00000000eee00000, 0x00000000fff80000, 0x0000000100000000)
  eden space 183296K, 0% used [0x00000000eee00000,0x00000000eee00000,0x00000000fa100000)
  from space 20992K, 99% used [0x00000000fbb80000,0x00000000fcffe8a0,0x00000000fd000000)
  to   space 27136K, 0% used [0x00000000fa100000,0x00000000fa100000,0x00000000fbb80000)
 ParOldGen       total 38400K, used 38044K [0x00000000cca00000, 0x00000000cef80000, 0x00000000eee00000)
  object space 38400K, 99% used [0x00000000cca00000,0x00000000cef27390,0x00000000cef80000)
 Metaspace       used 23885K, capacity 24466K, committed 24752K, reserved 1071104K
  class space    used 2767K, capacity 2935K, committed 2992K, reserved 1048576K
Event: 12.967 GC heap after
Heap after GC invocations=14 (full 2):
 PSYoungGen      total 204288K, used 7271K [0x00000000eee00000, 0x00000000fff80000, 0x0000000100000000)
  eden space 183296K, 0% used [0x00000000eee00000,0x00000000eee00000,0x00000000fa100000)
  from space 20992K, 34% used [0x00000000fbb80000,0x00000000fc299e88,0x00000000fd000000)
  to   space 27136K, 0% used [0x00000000fa100000,0x00000000fa100000,0x00000000fbb80000)
 ParOldGen       total 78336K, used 38007K [0x00000000cca00000, 0x00000000d1680000, 0x00000000eee00000)
  object space 78336K, 48% used [0x00000000cca00000,0x00000000cef1dc78,0x00000000d1680000)
 Metaspace       used 23885K, capacity 24466K, committed 24752K, reserved 1071104K
  class space    used 2767K, capacity 2935K, committed 2992K, reserved 1048576K
}
Event: 14.457 GC heap before
{Heap before GC invocations=15 (full 2):
 PSYoungGen      total 204288K, used 190567K [0x00000000eee00000, 0x00000000fff80000, 0x0000000100000000)
  eden space 183296K, 100% used [0x00000000eee00000,0x00000000fa100000,0x00000000fa100000)
  from space 20992K, 34% used [0x00000000fbb80000,0x00000000fc299e88,0x00000000fd000000)
  to   space 27136K, 0% used [0x00000000fa100000,0x00000000fa100000,0x00000000fbb80000)
 ParOldGen       total 78336K, used 38007K [0x00000000cca00000, 0x00000000d1680000, 0x00000000eee00000)
  object space 78336K, 48% used [0x00000000cca00000,0x00000000cef1dc78,0x00000000d1680000)
 Metaspace       used 23965K, capacity 24600K, committed 24752K, reserved 1071104K
  class space    used 2776K, capacity 2937K, committed 2992K, reserved 1048576K
Event: 14.524 GC heap after
Heap after GC invocations=15 (full 2):
 PSYoungGen      total 210432K, used 27106K [0x00000000eee00000, 0x0000000100000000, 0x0000000100000000)
  eden space 183296K, 0% used [0x00000000eee00000,0x00000000eee00000,0x00000000fa100000)
  from space 27136K, 99% used [0x00000000fa100000,0x00000000fbb78b10,0x00000000fbb80000)
  to   space 33280K, 0% used [0x00000000fdf80000,0x00000000fdf80000,0x0000000100000000)
 ParOldGen       total 78336K, used 42160K [0x00000000cca00000, 0x00000000d1680000, 0x00000000eee00000)
  object space 78336K, 53% used [0x00000000cca00000,0x00000000cf32c048,0x00000000d1680000)
 Metaspace       used 23965K, capacity 24600K, committed 24752K, reserved 1071104K
  class space    used 2776K, capacity 2937K, committed 2992K, reserved 1048576K
}

